<?xml version="1.0" encoding="UTF-8"?>
<testsuite name="io.samsquamptch.afterclass.controller.AuthControllerTests" tests="4" skipped="0" failures="0" errors="0" timestamp="2025-05-28T13:24:30.758Z" hostname="JAMPC" time="0.201">
  <properties/>
  <testcase name="testGroupAuth()" classname="io.samsquamptch.afterclass.controller.AuthControllerTests" time="0.172"/>
  <testcase name="testNoGroupAuth()" classname="io.samsquamptch.afterclass.controller.AuthControllerTests" time="0.01"/>
  <testcase name="testUserWrongGroup()" classname="io.samsquamptch.afterclass.controller.AuthControllerTests" time="0.008"/>
  <testcase name="testUserAuth()" classname="io.samsquamptch.afterclass.controller.AuthControllerTests" time="0.006"/>
  <system-out><![CDATA[14:24:28.662 [Test worker] INFO org.springframework.test.context.support.AnnotationConfigContextLoaderUtils -- Could not detect default configuration classes for test class [io.samsquamptch.afterclass.controller.AuthControllerTests]: AuthControllerTests does not declare any static, non-private, non-final, nested classes annotated with @Configuration.
14:24:28.786 [Test worker] INFO org.springframework.boot.test.context.SpringBootTestContextBootstrapper -- Found @SpringBootConfiguration io.samsquamptch.afterclass.AfterclassApplication for test class io.samsquamptch.afterclass.controller.AuthControllerTests

  .   ____          _            __ _ _
 /\\ / ___'_ __ _ _(_)_ __  __ _ \ \ \ \
( ( )\___ | '_ | '_| | '_ \/ _` | \ \ \ \
 \\/  ___)| |_)| | | | | || (_| |  ) ) ) )
  '  |____| .__|_| |_|_| |_\__, | / / / /
 =========|_|==============|___/=/_/_/_/

 :: Spring Boot ::                (v3.4.5)

2025-05-28T14:24:29.159+01:00  INFO 12476 --- [afterclass] [    Test worker] i.s.a.controller.AuthControllerTests     : Starting AuthControllerTests using Java 24 with PID 12476 (started by Jam in C:\Users\Jam\Documents\GitHub\afterclass)
2025-05-28T14:24:29.161+01:00  INFO 12476 --- [afterclass] [    Test worker] i.s.a.controller.AuthControllerTests     : No active profile set, falling back to 1 default profile: "default"
2025-05-28T14:24:30.422+01:00  INFO 12476 --- [afterclass] [    Test worker] o.s.b.a.w.s.WelcomePageHandlerMapping    : Adding welcome page template: index
2025-05-28T14:24:30.719+01:00  INFO 12476 --- [afterclass] [    Test worker] o.s.b.t.m.w.SpringBootMockServletContext : Initializing Spring TestDispatcherServlet ''
2025-05-28T14:24:30.719+01:00  INFO 12476 --- [afterclass] [    Test worker] o.s.t.web.servlet.TestDispatcherServlet  : Initializing Servlet ''
2025-05-28T14:24:30.721+01:00  INFO 12476 --- [afterclass] [    Test worker] o.s.t.web.servlet.TestDispatcherServlet  : Completed initialization in 1 ms
2025-05-28T14:24:30.748+01:00  INFO 12476 --- [afterclass] [    Test worker] i.s.a.controller.AuthControllerTests     : Started AuthControllerTests in 1.893 seconds (process running for 2.871)
]]></system-out>
  <system-err><![CDATA[Mockito is currently self-attaching to enable the inline-mock-maker. This will no longer work in future releases of the JDK. Please add Mockito as an agent to your build what is described in Mockito's documentation: https://javadoc.io/doc/org.mockito/mockito-core/latest/org/mockito/Mockito.html#0.3
WARNING: A Java agent has been loaded dynamically (C:\Users\Jam\.gradle\caches\modules-2\files-2.1\net.bytebuddy\byte-buddy-agent\1.15.11\a38b16385e867f59a641330f0362ebe742788ed8\byte-buddy-agent-1.15.11.jar)
WARNING: If a serviceability tool is in use, please run with -XX:+EnableDynamicAgentLoading to hide this warning
WARNING: If a serviceability tool is not in use, please run with -Djdk.instrument.traceUsage for more information
WARNING: Dynamic loading of agents will be disallowed by default in a future release
]]></system-err>
</testsuite>
